<?xml version="1.0" encoding="UTF-8"?>
<robot generator="Robot 7.2.2 (Python 3.12.0 on win32)" generated="2025-03-14T09:43:41.312223" rpa="false" schemaversion="5">
<suite id="s1" name="Remover Item Carrinho" source="C:\Desafio coco bambu\tests\remover_item_carrinho.robot">
<test id="s1-t1" name="Remover Item do Carrinho" line="10">
<kw name="Create Session">
<msg time="2025-03-14T09:43:41.419202" level="FAIL">No keyword with name 'Create Session' found.</msg>
<arg>dummyjson</arg>
<arg>${BASE_URL}</arg>
<status status="FAIL" start="2025-03-14T09:43:41.418206" elapsed="0.000996">No keyword with name 'Create Session' found.</status>
</kw>
<kw name="DELETE">
<var>${response}</var>
<arg>/carts/${CART_ID}</arg>
<status status="NOT RUN" start="2025-03-14T09:43:41.419202" elapsed="0.000999"/>
</kw>
<kw name="Status Should Be">
<arg>200</arg>
<status status="NOT RUN" start="2025-03-14T09:43:41.420323" elapsed="0.000000"/>
</kw>
<kw name="Log" owner="BuiltIn">
<arg>${response.json()}</arg>
<doc>Logs the given message with the given level.</doc>
<status status="NOT RUN" start="2025-03-14T09:43:41.420323" elapsed="0.000000"/>
</kw>
<status status="FAIL" start="2025-03-14T09:43:41.415204" elapsed="0.005119">No keyword with name 'Create Session' found.</status>
</test>
<doc>Este teste remove um item do carrinho utilizando uma requisição HTTP DELETE</doc>
<status status="FAIL" start="2025-03-14T09:43:41.314224" elapsed="0.108122"/>
</suite>
<statistics>
<total>
<stat pass="0" fail="1" skip="0">All Tests</stat>
</total>
<tag>
</tag>
<suite>
<stat name="Remover Item Carrinho" id="s1" pass="0" fail="1" skip="0">Remover Item Carrinho</stat>
</suite>
</statistics>
<errors>
<msg time="2025-03-14T09:43:41.350221" level="ERROR">Error in file 'C:\Desafio coco bambu\tests\remover_item_carrinho.robot' on line 4: Importing library 'RequestsLibrary' failed: ModuleNotFoundError: No module named 'RequestsLibrary'
Traceback (most recent call last):
  None
PYTHONPATH:
  C:\Desafio coco bambu\.venv\Scripts\robot.exe
  C:\Python312\python312.zip
  C:\Python312\DLLs
  C:\Python312\Lib
  C:\Python312
  c:\Desafio coco bambu\.venv
  c:\Desafio coco bambu\.venv\Lib\site-packages</msg>
<msg time="2025-03-14T09:43:41.354056" level="ERROR">Error in file 'C:\Desafio coco bambu\resources\Base.resource' on line 4: Importing library 'Browser' failed: ModuleNotFoundError: No module named 'Browser'
Traceback (most recent call last):
  None
PYTHONPATH:
  C:\Desafio coco bambu\.venv\Scripts\robot.exe
  C:\Python312\python312.zip
  C:\Python312\DLLs
  C:\Python312\Lib
  C:\Python312
  c:\Desafio coco bambu\.venv
  c:\Desafio coco bambu\.venv\Lib\site-packages</msg>
<msg time="2025-03-14T09:43:41.359645" level="ERROR">Error in file 'C:\Desafio coco bambu\resources\pages\Welcome.resource' on line 4: Importing library 'Browser' failed: ModuleNotFoundError: No module named 'Browser'
Traceback (most recent call last):
  None
PYTHONPATH:
  C:\Desafio coco bambu\.venv\Scripts\robot.exe
  C:\Python312\python312.zip
  C:\Python312\DLLs
  C:\Python312\Lib
  C:\Python312
  c:\Desafio coco bambu\.venv
  c:\Desafio coco bambu\.venv\Lib\site-packages</msg>
<msg time="2025-03-14T09:43:41.366647" level="ERROR">Error in file 'C:\Desafio coco bambu\resources\pages\Pagamento.resource' on line 4: Importing library 'Browser' failed: ModuleNotFoundError: No module named 'Browser'
Traceback (most recent call last):
  None
PYTHONPATH:
  C:\Desafio coco bambu\.venv\Scripts\robot.exe
  C:\Python312\python312.zip
  C:\Python312\DLLs
  C:\Python312\Lib
  C:\Python312
  c:\Desafio coco bambu\.venv
  c:\Desafio coco bambu\.venv\Lib\site-packages</msg>
<msg time="2025-03-14T09:43:41.372646" level="WARN">Error in file 'C:\Desafio coco bambu\resources\pages\Adicionar_carrinho.resource' on line 26: The '[Return]' setting is deprecated. Use the 'RETURN' statement instead.</msg>
<msg time="2025-03-14T09:43:41.378649" level="ERROR">Error in file 'C:\Desafio coco bambu\resources\pages\Adicionar_carrinho.resource' on line 4: Importing library 'Browser' failed: ModuleNotFoundError: No module named 'Browser'
Traceback (most recent call last):
  None
PYTHONPATH:
  C:\Desafio coco bambu\.venv\Scripts\robot.exe
  C:\Python312\python312.zip
  C:\Python312\DLLs
  C:\Python312\Lib
  C:\Python312
  c:\Desafio coco bambu\.venv
  c:\Desafio coco bambu\.venv\Lib\site-packages</msg>
<msg time="2025-03-14T09:43:41.383673" level="ERROR">Error in file 'C:\Desafio coco bambu\resources\pages\Adicionar_carrinho.resource' on line 5: Importing library 'RequestsLibrary' failed: ModuleNotFoundError: No module named 'RequestsLibrary'
Traceback (most recent call last):
  None
PYTHONPATH:
  C:\Desafio coco bambu\.venv\Scripts\robot.exe
  C:\Python312\python312.zip
  C:\Python312\DLLs
  C:\Python312\Lib
  C:\Python312
  c:\Desafio coco bambu\.venv
  c:\Desafio coco bambu\.venv\Lib\site-packages</msg>
<msg time="2025-03-14T09:43:41.403205" level="ERROR">Error in file 'C:\Desafio coco bambu\resources\pages\Atualizar_carrinho.resource' on line 4: Importing library 'RequestsLibrary' failed: ModuleNotFoundError: No module named 'RequestsLibrary'
Traceback (most recent call last):
  None
PYTHONPATH:
  C:\Desafio coco bambu\.venv\Scripts\robot.exe
  C:\Python312\python312.zip
  C:\Python312\DLLs
  C:\Python312\Lib
  C:\Python312
  c:\Desafio coco bambu\.venv
  c:\Desafio coco bambu\.venv\Lib\site-packages</msg>
<msg time="2025-03-14T09:43:41.410203" level="ERROR">Error in file 'C:\Desafio coco bambu\resources\pages\Remover_carrinho.resource' on line 4: Importing library 'RequestsLibrary' failed: ModuleNotFoundError: No module named 'RequestsLibrary'
Traceback (most recent call last):
  None
PYTHONPATH:
  C:\Desafio coco bambu\.venv\Scripts\robot.exe
  C:\Python312\python312.zip
  C:\Python312\DLLs
  C:\Python312\Lib
  C:\Python312
  c:\Desafio coco bambu\.venv
  c:\Desafio coco bambu\.venv\Lib\site-packages</msg>
</errors>
</robot>
