<?xml version="1.0" encoding="UTF-8"?>
<robot generator="Robot 7.2.2 (Python 3.12.0 on win32)" generated="2025-03-14T17:45:47.622984" rpa="false" schemaversion="5">
<suite id="s1" name="Desafio coco bambu" source="C:\Desafio coco bambu">
<suite id="s1-s1" name="Tests" source="C:\Desafio coco bambu\tests">
<suite id="s1-s1-s1" name="Adicionar Item Carrinho" source="C:\Desafio coco bambu\tests\adicionar_item_carrinho.robot">
<test id="s1-s1-s1-t1" name="Adicionar itens ao carrinho" line="10">
<kw name="Criar sessão" owner="Adicionar_carrinho">
<kw name="Create Session" owner="RequestsLibrary">
<msg time="2025-03-14T17:45:48.419299" level="INFO">Creating Session using : alias=dummyjson, url=https://dummyjson.com, headers={},                     cookies={}, auth=None, timeout=None, proxies=None, verify=False,                     debug=0 </msg>
<arg>dummyjson</arg>
<arg>${BASE_URL}</arg>
<doc>Create Session: create a HTTP session to a server</doc>
<status status="PASS" start="2025-03-14T17:45:48.418303" elapsed="0.001997"/>
</kw>
<status status="PASS" start="2025-03-14T17:45:48.416303" elapsed="0.003997"/>
</kw>
<kw name="Enviar Requisição POST" owner="Adicionar_carrinho">
<kw name="Create Dictionary" owner="BuiltIn">
<msg time="2025-03-14T17:45:48.423833" level="INFO">${PRODUCT} = {'id': '1', 'quantity': '2'}</msg>
<var>${PRODUCT}</var>
<arg>id=1</arg>
<arg>quantity=2</arg>
<doc>Creates and returns a dictionary based on the given ``items``.</doc>
<status status="PASS" start="2025-03-14T17:45:48.422307" elapsed="0.002543"/>
</kw>
<kw name="Create List" owner="BuiltIn">
<msg time="2025-03-14T17:45:48.426852" level="INFO">${PRODUCTS} = [{'id': '1', 'quantity': '2'}]</msg>
<var>${PRODUCTS}</var>
<arg>${PRODUCT}</arg>
<doc>Returns a list containing given items.</doc>
<status status="PASS" start="2025-03-14T17:45:48.425854" elapsed="0.000998"/>
</kw>
<kw name="Create Dictionary" owner="BuiltIn">
<msg time="2025-03-14T17:45:48.427850" level="INFO">${BODY} = {'userId': '1', 'products': [{'id': '1', 'quantity': '2'}]}</msg>
<var>${BODY}</var>
<arg>userId=1</arg>
<arg>products=${PRODUCTS}</arg>
<doc>Creates and returns a dictionary based on the given ``items``.</doc>
<status status="PASS" start="2025-03-14T17:45:48.426852" elapsed="0.002006"/>
</kw>
<kw name="POST On Session" owner="RequestsLibrary">
<msg time="2025-03-14T17:45:48.926045" level="INFO">POST Request : url=https://dummyjson.com/carts/add 
 path_url=/carts/add 
 headers={'User-Agent': 'python-requests/2.32.3', 'Accept-Encoding': 'gzip, deflate', 'Accept': '*/*', 'Connection': 'keep-alive', 'Content-Type': 'application/json', 'Content-Length': '59'} 
 body=b'{"userId": "1", "products": [{"id": "1", "quantity": "2"}]}' 
 </msg>
<msg time="2025-03-14T17:45:48.926045" level="INFO">POST Response : url=https://dummyjson.com/carts/add 
 status=201, reason=Created 
 headers={'Report-To': '{"group":"heroku-nel","max_age":3600,"endpoints":[{"url":"https://nel.heroku.com/reports?ts=1741985149&amp;sid=e11707d5-02a7-43ef-b45e-2cf4d2036f7d&amp;s=1omZRdSCdtZXPNHS4dSho0LkROA9gN0UZ2HxJ3KN61k%3D"}]}', 'Reporting-Endpoints': 'heroku-nel=https://nel.heroku.com/reports?ts=1741985149&amp;sid=e11707d5-02a7-43ef-b45e-2cf4d2036f7d&amp;s=1omZRdSCdtZXPNHS4dSho0LkROA9gN0UZ2HxJ3KN61k%3D', 'Nel': '{"report_to":"heroku-nel","max_age":3600,"success_fraction":0.005,"failure_fraction":0.05,"response_headers":["Via"]}', 'Connection': 'keep-alive', 'Access-Control-Allow-Origin': '*', 'X-Dns-Prefetch-Control': 'off', 'X-Frame-Options': 'SAMEORIGIN', 'Strict-Transport-Security': 'max-age=15552000; includeSubDomains', 'X-Download-Options': 'noopen', 'X-Content-Type-Options': 'nosniff', 'X-Xss-Protection': '1; mode=block', 'X-Powered-By': 'Cats on Keyboards', 'Server': 'BobTheBuilder', 'X-Ratelimit-Limit': '100', 'X-Ratelimit-Remaining': '99', 'Date': 'Fri, 14 Mar 2025 20:45:49 GMT', 'X-Ratelimit-Reset': '1741985159', 'Content-Type': 'application/json; charset=utf-8', 'Content-Length': '353', 'Etag': 'W/"161-Vt4SOB+IL32QAJQmwofBKg7iwEg"', 'Vary': 'Accept-Encoding', 'Via': '1.1 vegur'} 
 body={"id":51,"products":[{"id":1,"title":"Essence Mascara Lash Princess","price":9.99,"quantity":2,"total":19.98,"discountPercentage":7.17,"discountedPrice":19,"thumbnail":"https://cdn.dummyjson.com/products/images/beauty/Essence%20Mascara%20Lash%20Princess/thumbnail.png"}],"total":19.98,"discountedTotal":19,"userId":1,"totalProducts":1,"totalQuantity":2} 
 </msg>
<msg time="2025-03-14T17:45:48.927050" level="INFO">C:\Desafio coco bambu\.venv\Lib\site-packages\urllib3\connectionpool.py:1097: InsecureRequestWarning: Unverified HTTPS request is being made to host 'dummyjson.com'. Adding certificate verification is strongly advised. See: https://urllib3.readthedocs.io/en/latest/advanced-usage.html#tls-warnings
  warnings.warn(</msg>
<msg time="2025-03-14T17:45:48.928047" level="INFO">${RESPONSE} = &lt;Response [201]&gt;</msg>
<var>${RESPONSE}</var>
<arg>dummyjson</arg>
<arg>${ENDPOINT}</arg>
<arg>json=${BODY}</arg>
<arg>headers=&amp;{HEADERS}</arg>
<doc>Sends a POST request on a previously created HTTP Session.</doc>
<status status="PASS" start="2025-03-14T17:45:48.428858" elapsed="0.500190"/>
</kw>
<kw name="Set Suite Variable" owner="BuiltIn">
<msg time="2025-03-14T17:45:48.930046" level="INFO">${response} = &lt;Response [201]&gt;</msg>
<arg>${response}</arg>
<doc>Makes a variable available everywhere within the scope of the current suite.</doc>
<status status="PASS" start="2025-03-14T17:45:48.929048" elapsed="0.001997"/>
</kw>
<status status="PASS" start="2025-03-14T17:45:48.421306" elapsed="0.509739"/>
</kw>
<kw name="Verificar Resposta" owner="Adicionar_carrinho">
<kw name="Status Should Be" owner="RequestsLibrary">
<arg>201</arg>
<doc>Fails if response status code is different than the expected.</doc>
<status status="PASS" start="2025-03-14T17:45:48.933050" elapsed="0.000999"/>
</kw>
<kw name="Log" owner="BuiltIn">
<msg time="2025-03-14T17:45:48.935040" level="INFO">{'id': 51, 'products': [{'id': 1, 'title': 'Essence Mascara Lash Princess', 'price': 9.99, 'quantity': 2, 'total': 19.98, 'discountPercentage': 7.17, 'discountedPrice': 19, 'thumbnail': 'https://cdn.dummyjson.com/products/images/beauty/Essence%20Mascara%20Lash%20Princess/thumbnail.png'}], 'total': 19.98, 'discountedTotal': 19, 'userId': 1, 'totalProducts': 1, 'totalQuantity': 2}</msg>
<arg>${response.json()}</arg>
<doc>Logs the given message with the given level.</doc>
<status status="PASS" start="2025-03-14T17:45:48.934049" elapsed="0.000991"/>
</kw>
<status status="PASS" start="2025-03-14T17:45:48.932054" elapsed="0.003988"/>
</kw>
<msg time="2025-03-14T17:45:48.977329" level="INFO">Starting Browser process C:\Desafio coco bambu\.venv\Lib\site-packages\Browser\wrapper\index.js using port 62313</msg>
<msg time="2025-03-14T17:45:48.978328" level="INFO">Node startup parameters: ['node', 'C:\\Desafio coco bambu\\.venv\\Lib\\site-packages\\Browser\\wrapper\\index.js', '62313']</msg>
<status status="PASS" start="2025-03-14T17:45:48.414305" elapsed="0.521737"/>
</test>
<test id="s1-s1-s1-t2" name="Adicionar carrinho sem enviar usuario id" line="15">
<kw name="Adicionar Carrinho Sem userId" owner="Adicionar_carrinho">
<kw name="Create Session" owner="RequestsLibrary">
<msg time="2025-03-14T17:45:50.217482" level="INFO">Creating Session using : alias=dummyjson, url=https://dummyjson.com, headers={},                     cookies={}, auth=None, timeout=None, proxies=None, verify=False,                     debug=0 </msg>
<arg>dummyjson</arg>
<arg>${BASE_URL}</arg>
<doc>Create Session: create a HTTP session to a server</doc>
<status status="PASS" start="2025-03-14T17:45:50.216476" elapsed="0.002009"/>
</kw>
<kw name="Create Dictionary" owner="BuiltIn">
<msg time="2025-03-14T17:45:50.220480" level="INFO">${PRODUCT} = {'id': '1', 'quantity': '2'}</msg>
<var>${PRODUCT}</var>
<arg>id=1</arg>
<arg>quantity=2</arg>
<doc>Creates and returns a dictionary based on the given ``items``.</doc>
<status status="PASS" start="2025-03-14T17:45:50.219478" elapsed="0.001998"/>
</kw>
<kw name="Create List" owner="BuiltIn">
<msg time="2025-03-14T17:45:50.223482" level="INFO">${PRODUCTS} = [{'id': '1', 'quantity': '2'}]</msg>
<var>${PRODUCTS}</var>
<arg>${PRODUCT}</arg>
<doc>Returns a list containing given items.</doc>
<status status="PASS" start="2025-03-14T17:45:50.221476" elapsed="0.003003"/>
</kw>
<kw name="Create Dictionary" owner="BuiltIn">
<msg time="2025-03-14T17:45:50.227027" level="INFO">${BODY} = {'products': [{'id': '1', 'quantity': '2'}]}</msg>
<var>${BODY}</var>
<arg>products=${PRODUCTS}</arg>
<doc>Creates and returns a dictionary based on the given ``items``.</doc>
<status status="PASS" start="2025-03-14T17:45:50.224479" elapsed="0.002548"/>
</kw>
<kw name="POST On Session" owner="RequestsLibrary">
<msg time="2025-03-14T17:45:50.699975" level="INFO">POST Request : url=https://dummyjson.com/carts/add 
 path_url=/carts/add 
 headers={'User-Agent': 'python-requests/2.32.3', 'Accept-Encoding': 'gzip, deflate', 'Accept': '*/*', 'Connection': 'keep-alive', 'Content-Type': 'application/json', 'Content-Length': '44'} 
 body=b'{"products": [{"id": "1", "quantity": "2"}]}' 
 </msg>
<msg time="2025-03-14T17:45:50.699975" level="INFO">POST Response : url=https://dummyjson.com/carts/add 
 status=400, reason=Bad Request 
 headers={'Report-To': '{"group":"heroku-nel","max_age":3600,"endpoints":[{"url":"https://nel.heroku.com/reports?ts=1741985151&amp;sid=e11707d5-02a7-43ef-b45e-2cf4d2036f7d&amp;s=fYnGacXJQmijun6QF9B%2FyBDjhlps%2FYKWXwC%2BcdeRBnA%3D"}]}', 'Reporting-Endpoints': 'heroku-nel=https://nel.heroku.com/reports?ts=1741985151&amp;sid=e11707d5-02a7-43ef-b45e-2cf4d2036f7d&amp;s=fYnGacXJQmijun6QF9B%2FyBDjhlps%2FYKWXwC%2BcdeRBnA%3D', 'Nel': '{"report_to":"heroku-nel","max_age":3600,"success_fraction":0.005,"failure_fraction":0.05,"response_headers":["Via"]}', 'Connection': 'keep-alive', 'Access-Control-Allow-Origin': '*', 'X-Dns-Prefetch-Control': 'off', 'X-Frame-Options': 'SAMEORIGIN', 'Strict-Transport-Security': 'max-age=15552000; includeSubDomains', 'X-Download-Options': 'noopen', 'X-Content-Type-Options': 'nosniff', 'X-Xss-Protection': '1; mode=block', 'X-Powered-By': 'Cats on Keyboards', 'Server': 'BobTheBuilder', 'X-Ratelimit-Limit': '100', 'X-Ratelimit-Remaining': '98', 'Date': 'Fri, 14 Mar 2025 20:45:51 GMT', 'X-Ratelimit-Reset': '1741985159', 'Content-Type': 'application/json; charset=utf-8', 'Content-Length': '33', 'Etag': 'W/"21-9Tnvknh4Qjxdm7i37qdqaZEPeMU"', 'Vary': 'Accept-Encoding', 'Via': '1.1 vegur'} 
 body={"message":"User id is required"} 
 </msg>
<msg time="2025-03-14T17:45:50.700974" level="INFO">C:\Desafio coco bambu\.venv\Lib\site-packages\urllib3\connectionpool.py:1097: InsecureRequestWarning: Unverified HTTPS request is being made to host 'dummyjson.com'. Adding certificate verification is strongly advised. See: https://urllib3.readthedocs.io/en/latest/advanced-usage.html#tls-warnings
  warnings.warn(</msg>
<msg time="2025-03-14T17:45:50.702984" level="FAIL">HTTPError: 400 Client Error: Bad Request for url: https://dummyjson.com/carts/add</msg>
<var>${RESPONSE}</var>
<arg>dummyjson</arg>
<arg>${ENDPOINT}</arg>
<arg>json=${BODY}</arg>
<arg>headers=&amp;{HEADERS}</arg>
<doc>Sends a POST request on a previously created HTTP Session.</doc>
<status status="FAIL" start="2025-03-14T17:45:50.228032" elapsed="0.479944">HTTPError: 400 Client Error: Bad Request for url: https://dummyjson.com/carts/add</status>
</kw>
<kw name="Should Be Equal As Numbers" owner="BuiltIn">
<arg>${RESPONSE.status_code}</arg>
<arg>400</arg>
<doc>Fails if objects are unequal after converting them to real numbers.</doc>
<status status="NOT RUN" start="2025-03-14T17:45:50.707976" elapsed="0.000998"/>
</kw>
<doc>Teste para verificar erro ao não enviar userId</doc>
<status status="FAIL" start="2025-03-14T17:45:50.215487" elapsed="0.494496">HTTPError: 400 Client Error: Bad Request for url: https://dummyjson.com/carts/add</status>
</kw>
<status status="FAIL" start="2025-03-14T17:45:50.206451" elapsed="0.504527">HTTPError: 400 Client Error: Bad Request for url: https://dummyjson.com/carts/add</status>
</test>
<test id="s1-s1-s1-t3" name="Quantidade de produto zero" line="18">
<kw name="Adicionar Produto Com Quantidade Zero" owner="Adicionar_carrinho">
<kw name="Create Session" owner="RequestsLibrary">
<msg time="2025-03-14T17:45:50.777393" level="INFO">Creating Session using : alias=dummyjson, url=https://dummyjson.com, headers={},                     cookies={}, auth=None, timeout=None, proxies=None, verify=False,                     debug=0 </msg>
<arg>dummyjson</arg>
<arg>${BASE_URL}</arg>
<doc>Create Session: create a HTTP session to a server</doc>
<status status="PASS" start="2025-03-14T17:45:50.776389" elapsed="0.002000"/>
</kw>
<kw name="Create Dictionary" owner="BuiltIn">
<msg time="2025-03-14T17:45:50.780379" level="INFO">${PRODUCT} = {'id': '1', 'quantity': '0'}</msg>
<var>${PRODUCT}</var>
<arg>id=1</arg>
<arg>quantity=0</arg>
<doc>Creates and returns a dictionary based on the given ``items``.</doc>
<status status="PASS" start="2025-03-14T17:45:50.778389" elapsed="0.002997"/>
</kw>
<kw name="Create List" owner="BuiltIn">
<msg time="2025-03-14T17:45:50.783378" level="INFO">${PRODUCTS} = [{'id': '1', 'quantity': '0'}]</msg>
<var>${PRODUCTS}</var>
<arg>${PRODUCT}</arg>
<doc>Returns a list containing given items.</doc>
<status status="PASS" start="2025-03-14T17:45:50.781386" elapsed="0.001992"/>
</kw>
<kw name="Create Dictionary" owner="BuiltIn">
<msg time="2025-03-14T17:45:50.786384" level="INFO">${BODY} = {'userId': '1', 'products': [{'id': '1', 'quantity': '0'}]}</msg>
<var>${BODY}</var>
<arg>userId=1</arg>
<arg>products=${PRODUCTS}</arg>
<doc>Creates and returns a dictionary based on the given ``items``.</doc>
<status status="PASS" start="2025-03-14T17:45:50.784381" elapsed="0.002003"/>
</kw>
<kw name="POST On Session" owner="RequestsLibrary">
<msg time="2025-03-14T17:45:51.268647" level="INFO">POST Request : url=https://dummyjson.com/carts/add 
 path_url=/carts/add 
 headers={'User-Agent': 'python-requests/2.32.3', 'Accept-Encoding': 'gzip, deflate', 'Accept': '*/*', 'Connection': 'keep-alive', 'Content-Type': 'application/json', 'Content-Length': '59'} 
 body=b'{"userId": "1", "products": [{"id": "1", "quantity": "0"}]}' 
 </msg>
<msg time="2025-03-14T17:45:51.268647" level="INFO">POST Response : url=https://dummyjson.com/carts/add 
 status=201, reason=Created 
 headers={'Report-To': '{"group":"heroku-nel","max_age":3600,"endpoints":[{"url":"https://nel.heroku.com/reports?ts=1741985151&amp;sid=e11707d5-02a7-43ef-b45e-2cf4d2036f7d&amp;s=fYnGacXJQmijun6QF9B%2FyBDjhlps%2FYKWXwC%2BcdeRBnA%3D"}]}', 'Reporting-Endpoints': 'heroku-nel=https://nel.heroku.com/reports?ts=1741985151&amp;sid=e11707d5-02a7-43ef-b45e-2cf4d2036f7d&amp;s=fYnGacXJQmijun6QF9B%2FyBDjhlps%2FYKWXwC%2BcdeRBnA%3D', 'Nel': '{"report_to":"heroku-nel","max_age":3600,"success_fraction":0.005,"failure_fraction":0.05,"response_headers":["Via"]}', 'Connection': 'keep-alive', 'Access-Control-Allow-Origin': '*', 'X-Dns-Prefetch-Control': 'off', 'X-Frame-Options': 'SAMEORIGIN', 'Strict-Transport-Security': 'max-age=15552000; includeSubDomains', 'X-Download-Options': 'noopen', 'X-Content-Type-Options': 'nosniff', 'X-Xss-Protection': '1; mode=block', 'X-Powered-By': 'Cats on Keyboards', 'Server': 'BobTheBuilder', 'X-Ratelimit-Limit': '100', 'X-Ratelimit-Remaining': '97', 'Date': 'Fri, 14 Mar 2025 20:45:51 GMT', 'X-Ratelimit-Reset': '1741985159', 'Content-Type': 'application/json; charset=utf-8', 'Content-Length': '343', 'Etag': 'W/"157-mLjFoo7SC9zwkI3WLXX3ZraQpsY"', 'Vary': 'Accept-Encoding', 'Via': '1.1 vegur'} 
 body={"id":51,"products":[{"id":1,"title":"Essence Mascara Lash Princess","price":9.99,"quantity":0,"total":0,"discountPercentage":7.17,"discountedPrice":0,"thumbnail":"https://cdn.dummyjson.com/products/images/beauty/Essence%20Mascara%20Lash%20Princess/thumbnail.png"}],"total":0,"discountedTotal":0,"userId":1,"totalProducts":1,"totalQuantity":0} 
 </msg>
<msg time="2025-03-14T17:45:51.269645" level="INFO">C:\Desafio coco bambu\.venv\Lib\site-packages\urllib3\connectionpool.py:1097: InsecureRequestWarning: Unverified HTTPS request is being made to host 'dummyjson.com'. Adding certificate verification is strongly advised. See: https://urllib3.readthedocs.io/en/latest/advanced-usage.html#tls-warnings
  warnings.warn(</msg>
<msg time="2025-03-14T17:45:51.271653" level="INFO">${RESPONSE} = &lt;Response [201]&gt;</msg>
<var>${RESPONSE}</var>
<arg>dummyjson</arg>
<arg>${ENDPOINT}</arg>
<arg>json=${BODY}</arg>
<arg>headers=&amp;{HEADERS}</arg>
<doc>Sends a POST request on a previously created HTTP Session.</doc>
<status status="PASS" start="2025-03-14T17:45:50.787382" elapsed="0.484271"/>
</kw>
<kw name="Should Be Equal As Numbers" owner="BuiltIn">
<msg time="2025-03-14T17:45:51.274653" level="INFO">Argument types are:
&lt;class 'int'&gt;
&lt;class 'str'&gt;</msg>
<msg time="2025-03-14T17:45:51.275656" level="FAIL">201.0 != 400.0</msg>
<arg>${RESPONSE.status_code}</arg>
<arg>400</arg>
<doc>Fails if objects are unequal after converting them to real numbers.</doc>
<status status="FAIL" start="2025-03-14T17:45:51.272654" elapsed="0.003996">201.0 != 400.0</status>
</kw>
<doc>Teste para validar que quantidade zero não é aceita</doc>
<status status="FAIL" start="2025-03-14T17:45:50.774386" elapsed="0.503272">201.0 != 400.0</status>
</kw>
<status status="FAIL" start="2025-03-14T17:45:50.767384" elapsed="0.511273">201.0 != 400.0</status>
</test>
<test id="s1-s1-s1-t4" name="Adicionar produto invalido" line="21">
<kw name="Adicionar Produto Inexistente" owner="Adicionar_carrinho">
<kw name="Create Session" owner="RequestsLibrary">
<msg time="2025-03-14T17:45:51.428779" level="INFO">Creating Session using : alias=dummyjson, url=https://dummyjson.com, headers={},                     cookies={}, auth=None, timeout=None, proxies=None, verify=False,                     debug=0 </msg>
<arg>dummyjson</arg>
<arg>${BASE_URL}</arg>
<doc>Create Session: create a HTTP session to a server</doc>
<status status="PASS" start="2025-03-14T17:45:51.427767" elapsed="0.002020"/>
</kw>
<kw name="Create Dictionary" owner="BuiltIn">
<msg time="2025-03-14T17:45:51.430783" level="INFO">${PRODUCT} = {'id': '99999', 'quantity': '2'}</msg>
<var>${PRODUCT}</var>
<arg>id=99999</arg>
<arg>quantity=2</arg>
<doc>Creates and returns a dictionary based on the given ``items``.</doc>
<status status="PASS" start="2025-03-14T17:45:51.429787" elapsed="0.001999"/>
</kw>
<kw name="Create List" owner="BuiltIn">
<msg time="2025-03-14T17:45:51.433785" level="INFO">${PRODUCTS} = [{'id': '99999', 'quantity': '2'}]</msg>
<var>${PRODUCTS}</var>
<arg>${PRODUCT}</arg>
<doc>Returns a list containing given items.</doc>
<status status="PASS" start="2025-03-14T17:45:51.432782" elapsed="0.001003"/>
</kw>
<kw name="Create Dictionary" owner="BuiltIn">
<msg time="2025-03-14T17:45:51.435786" level="INFO">${BODY} = {'userId': '1', 'products': [{'id': '99999', 'quantity': '2'}]}</msg>
<var>${BODY}</var>
<arg>userId=1</arg>
<arg>products=${PRODUCTS}</arg>
<doc>Creates and returns a dictionary based on the given ``items``.</doc>
<status status="PASS" start="2025-03-14T17:45:51.434784" elapsed="0.002004"/>
</kw>
<kw name="POST On Session" owner="RequestsLibrary">
<msg time="2025-03-14T17:45:51.933129" level="INFO">POST Request : url=https://dummyjson.com/carts/add 
 path_url=/carts/add 
 headers={'User-Agent': 'python-requests/2.32.3', 'Accept-Encoding': 'gzip, deflate', 'Accept': '*/*', 'Connection': 'keep-alive', 'Content-Type': 'application/json', 'Content-Length': '63'} 
 body=b'{"userId": "1", "products": [{"id": "99999", "quantity": "2"}]}' 
 </msg>
<msg time="2025-03-14T17:45:51.934132" level="INFO">POST Response : url=https://dummyjson.com/carts/add 
 status=201, reason=Created 
 headers={'Report-To': '{"group":"heroku-nel","max_age":3600,"endpoints":[{"url":"https://nel.heroku.com/reports?ts=1741985152&amp;sid=e11707d5-02a7-43ef-b45e-2cf4d2036f7d&amp;s=kyK5%2BgEWN1DRGBNp7N0sWqQMnHrVs%2BVXWBKNMqSIKTQ%3D"}]}', 'Reporting-Endpoints': 'heroku-nel=https://nel.heroku.com/reports?ts=1741985152&amp;sid=e11707d5-02a7-43ef-b45e-2cf4d2036f7d&amp;s=kyK5%2BgEWN1DRGBNp7N0sWqQMnHrVs%2BVXWBKNMqSIKTQ%3D', 'Nel': '{"report_to":"heroku-nel","max_age":3600,"success_fraction":0.005,"failure_fraction":0.05,"response_headers":["Via"]}', 'Connection': 'keep-alive', 'Access-Control-Allow-Origin': '*', 'X-Dns-Prefetch-Control': 'off', 'X-Frame-Options': 'SAMEORIGIN', 'Strict-Transport-Security': 'max-age=15552000; includeSubDomains', 'X-Download-Options': 'noopen', 'X-Content-Type-Options': 'nosniff', 'X-Xss-Protection': '1; mode=block', 'X-Powered-By': 'Cats on Keyboards', 'Server': 'BobTheBuilder', 'X-Ratelimit-Limit': '100', 'X-Ratelimit-Remaining': '99', 'Date': 'Fri, 14 Mar 2025 20:45:52 GMT', 'X-Ratelimit-Reset': '1741985159', 'Content-Type': 'application/json; charset=utf-8', 'Content-Length': '100', 'Etag': 'W/"64-+vcYltUjWYO/Kl15o+GT6G40gqk"', 'Vary': 'Accept-Encoding', 'Via': '1.1 vegur'} 
 body={"id":51,"products":[],"total":0,"discountedTotal":0,"userId":1,"totalProducts":0,"totalQuantity":0} 
 </msg>
<msg time="2025-03-14T17:45:51.935129" level="INFO">C:\Desafio coco bambu\.venv\Lib\site-packages\urllib3\connectionpool.py:1097: InsecureRequestWarning: Unverified HTTPS request is being made to host 'dummyjson.com'. Adding certificate verification is strongly advised. See: https://urllib3.readthedocs.io/en/latest/advanced-usage.html#tls-warnings
  warnings.warn(</msg>
<msg time="2025-03-14T17:45:51.936137" level="INFO">${RESPONSE} = &lt;Response [201]&gt;</msg>
<var>${RESPONSE}</var>
<arg>dummyjson</arg>
<arg>${ENDPOINT}</arg>
<arg>json=${BODY}</arg>
<arg>headers=&amp;{HEADERS}</arg>
<doc>Sends a POST request on a previously created HTTP Session.</doc>
<status status="PASS" start="2025-03-14T17:45:51.436788" elapsed="0.500348"/>
</kw>
<kw name="Should Be Equal As Numbers" owner="BuiltIn">
<msg time="2025-03-14T17:45:51.939132" level="INFO">Argument types are:
&lt;class 'int'&gt;
&lt;class 'str'&gt;</msg>
<msg time="2025-03-14T17:45:51.940129" level="FAIL">201.0 != 400.0</msg>
<arg>${RESPONSE.status_code}</arg>
<arg>400</arg>
<doc>Fails if objects are unequal after converting them to real numbers.</doc>
<status status="FAIL" start="2025-03-14T17:45:51.937136" elapsed="0.003996">201.0 != 400.0</status>
</kw>
<doc>Teste para validar que um produto inválido não pode ser adicionado</doc>
<status status="FAIL" start="2025-03-14T17:45:51.425242" elapsed="0.515890">201.0 != 400.0</status>
</kw>
<status status="FAIL" start="2025-03-14T17:45:51.416253" elapsed="0.526884">201.0 != 400.0</status>
</test>
<doc>Testes de adiciona itens ao carrinho para um usuário especifico</doc>
<status status="FAIL" start="2025-03-14T17:45:47.669578" elapsed="4.323557"/>
</suite>
<status status="FAIL" start="2025-03-14T17:45:47.665571" elapsed="4.373116"/>
</suite>
<status status="FAIL" start="2025-03-14T17:45:47.634085" elapsed="4.406596"/>
</suite>
<statistics>
<total>
<stat pass="1" fail="3" skip="0">All Tests</stat>
</total>
<tag>
</tag>
<suite>
<stat name="Desafio coco bambu" id="s1" pass="1" fail="3" skip="0">Desafio coco bambu</stat>
<stat name="Tests" id="s1-s1" pass="1" fail="3" skip="0">Desafio coco bambu.Tests</stat>
<stat name="Adicionar Item Carrinho" id="s1-s1-s1" pass="1" fail="3" skip="0">Desafio coco bambu.Tests.Adicionar Item Carrinho</stat>
</suite>
</statistics>
<errors>
</errors>
</robot>
